0 info it worked if it ends with ok
1 verbose cli [ 'node', '/usr/local/bin/npm', 'install', 'normalize.css' ]
2 info using npm@2.10.1
3 info using node@v0.12.4
4 verbose install initial load of /Users/Agata/Desktop/skorynina/package.json
5 warn package.json @ No description
6 warn package.json @ No repository field.
7 warn package.json @ No README data
8 warn package.json @ No license field.
9 verbose installManyTop reading scoped package data from /Users/Agata/Desktop/skorynina/node_modules/gulp/package.json
10 info package.json gulp@3.8.11 No license field.
11 verbose readDependencies loading dependencies from /Users/Agata/Desktop/skorynina/package.json
12 silly cache add args [ 'normalize.css', null ]
13 verbose cache add spec normalize.css
14 silly cache add parsed spec { raw: 'normalize.css',
14 silly cache add   scope: null,
14 silly cache add   name: 'normalize.css',
14 silly cache add   rawSpec: '',
14 silly cache add   spec: '*',
14 silly cache add   type: 'range' }
15 silly addNamed normalize.css@*
16 verbose addNamed "*" is a valid semver range for normalize.css
17 silly addNameRange { name: 'normalize.css', range: '*', hasData: false }
18 silly mapToRegistry name normalize.css
19 silly mapToRegistry using default registry
20 silly mapToRegistry registry https://registry.npmjs.org/
21 silly mapToRegistry uri https://registry.npmjs.org/normalize.css
22 verbose addNameRange registry:https://registry.npmjs.org/normalize.css not in flight; fetching
23 verbose request uri https://registry.npmjs.org/normalize.css
24 verbose request no auth needed
25 info attempt registry request try #1 at 23:05:41
26 verbose request id 3a0acbdd7e70bbe6
27 http request GET https://registry.npmjs.org/normalize.css
28 http 200 https://registry.npmjs.org/normalize.css
29 silly get cb [ 200,
29 silly get   { server: 'CouchDB/1.5.0 (Erlang OTP/R16B03)',
29 silly get     etag: '"2ZH3CCZ4O6UENF3Q7878CWWH7"',
29 silly get     'content-type': 'application/json',
29 silly get     'cache-control': 'max-age=60',
29 silly get     'content-length': '7662',
29 silly get     'accept-ranges': 'bytes',
29 silly get     date: 'Sat, 30 May 2015 20:05:42 GMT',
29 silly get     via: '1.1 varnish',
29 silly get     age: '0',
29 silly get     connection: 'keep-alive',
29 silly get     'x-served-by': 'cache-fra1228-FRA',
29 silly get     'x-cache': 'HIT',
29 silly get     'x-cache-hits': '1',
29 silly get     'x-timer': 'S1433016341.817531,VS0,VE820',
29 silly get     vary: 'Accept' } ]
30 verbose get saving normalize.css to /Users/Agata/.npm/registry.npmjs.org/normalize.css/.cache.json
31 silly addNameRange number 2 { name: 'normalize.css', range: '*', hasData: true }
32 silly addNameRange versions [ 'normalize.css', [ '0.0.1', '3.0.1', '3.0.2', '3.0.3' ] ]
33 silly addNamed normalize.css@3.0.3
34 verbose addNamed "3.0.3" is a plain semver version for normalize.css
35 silly mapToRegistry name normalize.css
36 silly mapToRegistry using default registry
37 silly mapToRegistry registry https://registry.npmjs.org/
38 silly mapToRegistry uri https://registry.npmjs.org/normalize.css
39 verbose addRemoteTarball https://registry.npmjs.org/normalize.css/-/normalize.css-3.0.3.tgz not in flight; adding
40 verbose addRemoteTarball [ 'https://registry.npmjs.org/normalize.css/-/normalize.css-3.0.3.tgz',
40 verbose addRemoteTarball   'acc00262e235a2caa91363a2e5e3bfa4f8ad05c6' ]
41 info retry fetch attempt 1 at 23:05:42
42 info attempt registry request try #1 at 23:05:42
43 http fetch GET https://registry.npmjs.org/normalize.css/-/normalize.css-3.0.3.tgz
44 http fetch 200 https://registry.npmjs.org/normalize.css/-/normalize.css-3.0.3.tgz
45 silly fetchAndShaCheck shasum acc00262e235a2caa91363a2e5e3bfa4f8ad05c6
46 verbose addTmpTarball /var/folders/1k/x1jp9n8128n3d4gb3nl54f0w0000gn/T/npm-834-a57fcb31/registry.npmjs.org/normalize.css/-/normalize.css-3.0.3.tgz not in flight; adding
47 verbose addTmpTarball already have metadata; skipping unpack for normalize.css@3.0.3
48 silly cache afterAdd normalize.css@3.0.3
49 verbose afterAdd /Users/Agata/.npm/normalize.css/3.0.3/package/package.json not in flight; writing
50 verbose afterAdd /Users/Agata/.npm/normalize.css/3.0.3/package/package.json written
51 silly install resolved [ { name: 'normalize.css',
51 silly install resolved     version: '3.0.3',
51 silly install resolved     description: 'Normalize.css as a node packaged module',
51 silly install resolved     style: 'normalize.css',
51 silly install resolved     files: [ 'LICENSE.md', 'normalize.css' ],
51 silly install resolved     homepage: 'http://necolas.github.io/normalize.css',
51 silly install resolved     repository:
51 silly install resolved      { type: 'git',
51 silly install resolved        url: 'git://github.com/necolas/normalize.css.git' },
51 silly install resolved     main: 'normalize.css',
51 silly install resolved     author: { name: 'Nicolas Gallagher' },
51 silly install resolved     license: 'MIT',
51 silly install resolved     gitHead: '2bdda84272650aedfb45d8abe11a6d177933a803',
51 silly install resolved     bugs: { url: 'https://github.com/necolas/normalize.css/issues' },
51 silly install resolved     _id: 'normalize.css@3.0.3',
51 silly install resolved     scripts: {},
51 silly install resolved     _shasum: 'acc00262e235a2caa91363a2e5e3bfa4f8ad05c6',
51 silly install resolved     _from: 'normalize.css@*',
51 silly install resolved     _npmVersion: '2.7.0',
51 silly install resolved     _nodeVersion: '0.10.35',
51 silly install resolved     _npmUser: { name: 'necolas', email: 'nicolasgallagher@gmail.com' },
51 silly install resolved     maintainers: [ [Object], [Object] ],
51 silly install resolved     dist:
51 silly install resolved      { shasum: 'acc00262e235a2caa91363a2e5e3bfa4f8ad05c6',
51 silly install resolved        tarball: 'http://registry.npmjs.org/normalize.css/-/normalize.css-3.0.3.tgz' },
51 silly install resolved     directories: {},
51 silly install resolved     _resolved: 'https://registry.npmjs.org/normalize.css/-/normalize.css-3.0.3.tgz' } ]
52 info install normalize.css@3.0.3 into /Users/Agata/Desktop/skorynina
53 info installOne normalize.css@3.0.3
54 verbose installOne of normalize.css to /Users/Agata/Desktop/skorynina not in flight; installing
55 warn locking Error: EACCES, open '/Users/Agata/.npm/_locks/normalize-css-ec1909d20ed8db7f.lock'
55 warn locking     at Error (native)
55 warn locking  /Users/Agata/.npm/_locks/normalize-css-ec1909d20ed8db7f.lock failed { [Error: EACCES, open '/Users/Agata/.npm/_locks/normalize-css-ec1909d20ed8db7f.lock']
55 warn locking   errno: -13,
55 warn locking   code: 'EACCES',
55 warn locking   path: '/Users/Agata/.npm/_locks/normalize-css-ec1909d20ed8db7f.lock' }
56 verbose stack Error: Attempt to unlock /Users/Agata/Desktop/skorynina/node_modules/normalize.css, which hasn't been locked
56 verbose stack     at unlock (/usr/local/lib/node_modules/npm/lib/utils/locker.js:66:11)
56 verbose stack     at cb (/usr/local/lib/node_modules/npm/lib/install.js:1017:5)
56 verbose stack     at /usr/local/lib/node_modules/npm/lib/install.js:1021:20
56 verbose stack     at /usr/local/lib/node_modules/npm/lib/utils/locker.js:40:9
56 verbose stack     at cb (/usr/local/lib/node_modules/npm/node_modules/lockfile/lockfile.js:149:38)
56 verbose stack     at /usr/local/lib/node_modules/npm/node_modules/lockfile/lockfile.js:177:38
56 verbose stack     at FSReqWrap.oncomplete (fs.js:95:15)
57 verbose cwd /Users/Agata/Desktop/skorynina
58 error Darwin 14.3.0
59 error argv "node" "/usr/local/bin/npm" "install" "normalize.css"
60 error node v0.12.4
61 error npm  v2.10.1
62 error Attempt to unlock /Users/Agata/Desktop/skorynina/node_modules/normalize.css, which hasn't been locked
63 error If you need help, you may report this error at:
63 error     <https://github.com/npm/npm/issues>
64 verbose exit [ 1, true ]
